Arguments: 
  /usr/local/Cellar/node/15.9.0/bin/node /usr/local/Cellar/yarn/1.22.10/libexec/bin/yarn.js add @types/chakra-ui

PATH: 
  /Users/teonys/google-cloud-sdk/bin:/usr/local/bin:/usr/bin:/bin:/usr/sbin:/sbin:/Library/Frameworks/Mono.framework/Versions/Current/Commands

Yarn version: 
  1.22.10

Node version: 
  15.9.0

Platform: 
  darwin x64

Trace: 
  Error: https://registry.yarnpkg.com/@types%2fchakra-ui: Not found
      at Request.params.callback [as _callback] (/usr/local/Cellar/yarn/1.22.10/libexec/lib/cli.js:66988:18)
      at Request.self.callback (/usr/local/Cellar/yarn/1.22.10/libexec/lib/cli.js:140749:22)
      at Request.emit (node:events:378:20)
      at Request.<anonymous> (/usr/local/Cellar/yarn/1.22.10/libexec/lib/cli.js:141721:10)
      at Request.emit (node:events:378:20)
      at IncomingMessage.<anonymous> (/usr/local/Cellar/yarn/1.22.10/libexec/lib/cli.js:141643:12)
      at Object.onceWrapper (node:events:484:28)
      at IncomingMessage.emit (node:events:390:22)
      at endReadableNT (node:internal/streams/readable:1307:12)
      at processTicksAndRejections (node:internal/process/task_queues:81:21)

npm manifest: 
  {
    "dependencies": {
      "@chakra-ui/react": "^1.6.0",
      "@emotion/react": "^11",
      "@emotion/styled": "^11",
      "framer-motion": "^4",
      "react-helmet": "^6.1.0",
      "react-router-dom": "^5.2.0"
    },
    "devDependencies": {
      "@types/react-helmet": "^6.1.1",
      "@types/react-router-dom": "^5.1.7"
    }
  }

yarn manifest: 
  No manifest

Lockfile: 
  # THIS IS AN AUTOGENERATED FILE. DO NOT EDIT THIS FILE DIRECTLY.
  # yarn lockfile v1
  
  
  "@babel/code-frame@^7.0.0":
    version "7.12.13"
    resolved "https://registry.yarnpkg.com/@babel/code-frame/-/code-frame-7.12.13.tgz#dcfc826beef65e75c50e21d3837d7d95798dd658"
    integrity sha512-HV1Cm0Q3ZrpCR93tkWOYiuYIgLxZXZFVG2VgK+MBWjUqZTundupbfx2aXarXuw5Ko5aMcjtJgbSs4vUGBS5v6g==
    dependencies:
      "@babel/highlight" "^7.12.13"
  
  "@babel/helper-module-imports@^7.12.13":
    version "7.13.12"
    resolved "https://registry.yarnpkg.com/@babel/helper-module-imports/-/helper-module-imports-7.13.12.tgz#c6a369a6f3621cb25da014078684da9196b61977"
    integrity sha512-4cVvR2/1B693IuOvSI20xqqa/+bl7lqAMR59R4iu39R9aOX8/JoYY1sFaNvUMyMBGnHdwvJgUrzNLoUZxXypxA==
    dependencies:
      "@babel/types" "^7.13.12"
  
  "@babel/helper-plugin-utils@^7.12.13":
    version "7.13.0"
    resolved "https://registry.yarnpkg.com/@babel/helper-plugin-utils/-/helper-plugin-utils-7.13.0.tgz#806526ce125aed03373bc416a828321e3a6a33af"
    integrity sha512-ZPafIPSwzUlAoWT8DKs1W2VyF2gOWthGd5NGFMsBcMMol+ZhK+EQY/e6V96poa6PA/Bh+C9plWN0hXO1uB8AfQ==
  
  "@babel/helper-validator-identifier@^7.14.0":
    version "7.14.0"
    resolved "https://registry.yarnpkg.com/@babel/helper-validator-identifier/-/helper-validator-identifier-7.14.0.tgz#d26cad8a47c65286b15df1547319a5d0bcf27288"
    integrity sha512-V3ts7zMSu5lfiwWDVWzRDGIN+lnCEUdaXgtVHJgLb1rGaA6jMrtB9EmE7L18foXJIE8Un/A/h6NJfGQp/e1J4A==
  
  "@babel/highlight@^7.12.13":
    version "7.14.0"
    resolved "https://registry.yarnpkg.com/@babel/highlight/-/highlight-7.14.0.tgz#3197e375711ef6bf834e67d0daec88e4f46113cf"
    integrity sha512-YSCOwxvTYEIMSGaBQb5kDDsCopDdiUGsqpatp3fOlI4+2HQSkTmEVWnVuySdAC5EWCqSWWTv0ib63RjR7dTBdg==
    dependencies:
      "@babel/helper-validator-identifier" "^7.14.0"
      chalk "^2.0.0"
      js-tokens "^4.0.0"
  
  "@babel/plugin-syntax-jsx@^7.12.13":
    version "7.12.13"
    resolved "https://registry.yarnpkg.com/@babel/plugin-syntax-jsx/-/plugin-syntax-jsx-7.12.13.tgz#044fb81ebad6698fe62c478875575bcbb9b70f15"
    integrity sha512-d4HM23Q1K7oq/SLNmG6mRt85l2csmQ0cHRaxRXjKW0YFdEXqlZ5kzFQKH5Uc3rDJECgu+yCRgPkG04Mm98R/1g==
    dependencies:
      "@babel/helper-plugin-utils" "^7.12.13"
  
  "@babel/runtime@^7.0.0", "@babel/runtime@^7.1.2", "@babel/runtime@^7.12.1", "@babel/runtime@^7.12.13", "@babel/runtime@^7.13.10", "@babel/runtime@^7.7.2":
    version "7.14.0"
    resolved "https://registry.yarnpkg.com/@babel/runtime/-/runtime-7.14.0.tgz#46794bc20b612c5f75e62dd071e24dfd95f1cbe6"
    integrity sha512-JELkvo/DlpNdJ7dlyw/eY7E0suy5i5GQH+Vlxaq1nsNJ+H7f4Vtv3jMeCEgRhZZQFXTjldYfQgv2qmM6M1v5wA==
    dependencies:
      regenerator-runtime "^0.13.4"
  
  "@babel/types@^7.13.12":
    version "7.14.1"
    resolved "https://registry.yarnpkg.com/@babel/types/-/types-7.14.1.tgz#095bd12f1c08ab63eff6e8f7745fa7c9cc15a9db"
    integrity sha512-S13Qe85fzLs3gYRUnrpyeIrBJIMYv33qSTg1qoBwiG6nPKwUWAD9odSzWhEedpwOIzSEI6gbdQIWEMiCI42iBA==
    dependencies:
      "@babel/helper-validator-identifier" "^7.14.0"
      to-fast-properties "^2.0.0"
  
  "@chakra-ui/accordion@1.3.0":
    version "1.3.0"
    resolved "https://registry.yarnpkg.com/@chakra-ui/accordion/-/accordion-1.3.0.tgz#60a8cb65e68a7ea74ee64236a605250731a9d45a"
    integrity sha512-gfLzgYAigq4FMjy48uzI6QRWgB8qDTZGt9Bgg+JgBmg8DL2Cgi5qL0Q3So5KJWP0NC04fxEUMNstrBlL59lIGw==
    dependencies:
      "@chakra-ui/descendant" "2.0.0"
      "@chakra-ui/hooks" "1.5.1"
      "@chakra-ui/icon" "1.1.8"
      "@chakra-ui/react-utils" "1.1.2"
      "@chakra-ui/transition" "1.2.2"
      "@chakra-ui/utils" "1.7.0"
  
  "@chakra-ui/alert@1.2.4":
    version "1.2.4"
    resolved "https://registry.yarnpkg.com/@chakra-ui/alert/-/alert-1.2.4.tgz#c7b36da60f40cc7fb748caaee045e6e66431457c"
    integrity sha512-Ql46IUFU+BPPZetTSfoAyeecT/wKlfudeidW12aFskQa2j/g+YytXyHBbDfkZYgtnWzoZOsO2itV8sqqdJ4ieQ==
    dependencies:
      "@chakra-ui/icon" "1.1.8"
      "@chakra-ui/react-utils" "1.1.2"
      "@chakra-ui/utils" "1.7.0"
  
  "@chakra-ui/avatar@1.2.4":
    version "1.2.4"
    resolved "https://registry.yarnpkg.com/@chakra-ui/avatar/-/avatar-1.2.4.tgz#d13dae1106805d512b19506d95294f5e22a60db7"
    integrity sha512-6l6sEHUlVWZUehfYm5hygHoMMOup7gwcB1354iZON67IiEOKTWgoZRjo2Vt85pdB2QZU7RCOAhmOltpny5SPZw==
    dependencies:
      "@chakra-ui/image" "1.0.14"
      "@chakra-ui/react-utils" "1.1.2"
      "@chakra-ui/utils" "1.7.0"
  
  "@chakra-ui/breadcrumb@1.2.4":
    version "1.2.4"
    resolved "https://registry.yarnpkg.com/@chakra-ui/breadcrumb/-/breadcrumb-1.2.4.tgz#401e3abfb8c28917311e3e0ef6d2c94a04b33fc2"
    integrity sha512-ZQwNjUAnSVpySfZN7KTP9CUUd/+ttuMCbwYHWx+tbirFVmQeyA7/YuIbh0KNlvB0/pVMSH43DRHyImj3dICEAw==
    dependencies:
      "@chakra-ui/react-utils" "1.1.2"
      "@chakra-ui/utils" "1.7.0"
  
  "@chakra-ui/button@1.3.1":
    version "1.3.1"
    resolved "https://registry.yarnpkg.com/@chakra-ui/button/-/button-1.3.1.tgz#23c248e7d0700bb3cc36eb658435ab845b8bb9ab"
    integrity sha512-TqoMjKxvrbPaVYK+rRYPZw1YavbvAIdRiyuYFUvmQHNZTHeHLKlQbgJI2K6uYI+MduhU618CDAloXnKxn7mmOA==
    dependencies:
      "@chakra-ui/react-utils" "1.1.2"
      "@chakra-ui/spinner" "1.1.8"
      "@chakra-ui/utils" "1.7.0"
  
  "@chakra-ui/checkbox@1.5.1":
    version "1.5.1"
    resolved "https://registry.yarnpkg.com/@chakra-ui/checkbox/-/checkbox-1.5.1.tgz#a84e0d18214d6dc71f33d30ae9b501b98849d8b8"
    integrity sha512-j+OX3rrqj98K4hMu7irxc4FWd639yFdUgUVor7ze9iSSBFzt5lfLXBBjzfy1lFB3GmbMNZCobhO7eD1bNug8sA==
    dependencies:
      "@chakra-ui/hooks" "1.5.1"
      "@chakra-ui/react-utils" "1.1.2"
      "@chakra-ui/utils" "1.7.0"
      "@chakra-ui/visually-hidden" "1.0.11"
  
  "@chakra-ui/clickable@1.1.4":
    version "1.1.4"
    resolved "https://registry.yarnpkg.com/@chakra-ui/clickable/-/clickable-1.1.4.tgz#ff813fdfc5a31a2eb2dc27f39221a9922b71a04a"
    integrity sha512-ETpjwr50u7baOujex4Og1om2P/nfGss8f6YYvsewGqI81OUUmOpz2sr87I+gvoZwqwMHQkOksOY1L2BK1MrO9A==
    dependencies:
      "@chakra-ui/react-utils" "1.1.2"
      "@chakra-ui/utils" "1.7.0"
  
  "@chakra-ui/close-button@1.1.8":
    version "1.1.8"
    resolved "https://registry.yarnpkg.com/@chakra-ui/close-button/-/close-button-1.1.8.tgz#02a208c13202a53dc7777f75d7f7fcc2011ab5dc"
    integrity sha512-TsDeY2QCyrdDSkB6B0LSh2IZleJ4gkkr+KZaL46WxHRim3CoqrbicQP9n9QZxXrTGa+lsb5+jvB2YrO6I8qquQ==
    dependencies:
      "@chakra-ui/icon" "1.1.8"
      "@chakra-ui/utils" "1.7.0"
  
  "@chakra-ui/color-mode@1.1.7":
    version "1.1.7"
    resolved "https://registry.yarnpkg.com/@chakra-ui/color-mode/-/color-mode-1.1.7.tgz#ad5fc6c631884906ed60ab35849dd4270d27a075"
    integrity sha512-av2lH0iFinL4rN1BlSxu8eoted4p+qzOIiLhXcGFNodp73r9I3A2vspaZYke/xMrAwFaZq6wCIl+BwXNHAGRDA==
    dependencies:
      "@chakra-ui/hooks" "1.5.1"
      "@chakra-ui/utils" "1.7.0"
  
  "@chakra-ui/control-box@1.0.11":
    version "1.0.11"
    resolved "https://registry.yarnpkg.com/@chakra-ui/control-box/-/control-box-1.0.11.tgz#616afe751cd1b740488afd0ed77b666557307e9e"
    integrity sha512-NQCa/HKMG8gW0vOLc+iCuiLRxv3w7K/Hc63ThneW3uR2awAH5hjmO+Xh+0HLYvePocJulqVUbjuJxoQGLMcFPA==
    dependencies:
      "@chakra-ui/utils" "1.7.0"
  
  "@chakra-ui/counter@1.1.4":
    version "1.1.4"
    resolved "https://registry.yarnpkg.com/@chakra-ui/counter/-/counter-1.1.4.tgz#a2c63d96e9cdb7b94aaeb041ea4757f0c4eb3163"
    integrity sha512-fmhAbpOdw1PyZs7CiW5jltaBacHIyN+9HyMj6igqJnLaxYvvphUdv94+2pv1nAPgWSLRah3EzNSnjVjXy+5OGA==
    dependencies:
      "@chakra-ui/hooks" "1.5.1"
      "@chakra-ui/utils" "1.7.0"
  
  "@chakra-ui/css-reset@1.0.0":
    version "1.0.0"
    resolved "https://registry.yarnpkg.com/@chakra-ui/css-reset/-/css-reset-1.0.0.tgz#8395921b35ef27bee0579a4d730c5ab7f7b39734"
    integrity sha512-UaPsImGHvCgFO3ayp6Ugafu2/3/EG8wlW/8Y9Ihfk1UFv8cpV+3BfWKmuZ7IcmxcBL9dkP6E8p3/M1T0FB92hg==
  
  "@chakra-ui/descendant@2.0.0":
    version "2.0.0"
    resolved "https://registry.yarnpkg.com/@chakra-ui/descendant/-/descendant-2.0.0.tgz#719a2f585a73e60db01233a9193dbf22823355a5"
    integrity sha512-kdesvjzeTxoLStpgbtMN5JMO3qhhRmZVVH8u2juTB9QIPGs1052Brb3Hcv96kQj7RyigCvarFF9KmvX4BUSdUA==
    dependencies:
      "@chakra-ui/react-utils" "^1.1.2"
  
  "@chakra-ui/editable@1.2.4":
    version "1.2.4"
    resolved "https://registry.yarnpkg.com/@chakra-ui/editable/-/editable-1.2.4.tgz#a481d37ff65040dccd6e94320ffffb1f9f0afc7d"
    integrity sha512-DftEZTz7S0KZX9No5dw3MNVOWXZnOSt2m15/SqxUcZnkJgTLRtK9yPaqVjZFBcjvgh4QNn2HEY15oy9VSWF0Nw==
    dependencies:
      "@chakra-ui/hooks" "1.5.1"
      "@chakra-ui/react-utils" "1.1.2"
      "@chakra-ui/utils" "1.7.0"
  
  "@chakra-ui/focus-lock@1.1.7":
    version "1.1.7"
    resolved "https://registry.yarnpkg.com/@chakra-ui/focus-lock/-/focus-lock-1.1.7.tgz#b15d9786621ddff9b7eb07e81f70b6565a6693f1"
    integrity sha512-Z3iscVlil0QTrTrv2MCPs4biMuMqXoNoSKDrz7lLoYHQWhiHIMMx9kivyvAXqxai7M1bPcGxvh8XwwoZfv2V3A==
    dependencies:
      "@chakra-ui/utils" "1.7.0"
      react-focus-lock "2.5.0"
  
  "@chakra-ui/form-control@1.3.4":
    version "1.3.4"
    resolved "https://registry.yarnpkg.com/@chakra-ui/form-control/-/form-control-1.3.4.tgz#dd19693cbba5ca19ff4a70a680011509406d4b7a"
    integrity sha512-BYJaZMhvAo8csqQ9mNp9i4gACLr/DraJstF1M9WRKjlpst7WK6+bRmG0Cn0ifx8EKfag3VaZMf/iOkoZjF0xuA==
    dependencies:
      "@chakra-ui/hooks" "1.5.1"
      "@chakra-ui/icon" "1.1.8"
      "@chakra-ui/react-utils" "1.1.2"
      "@chakra-ui/utils" "1.7.0"
  
  "@chakra-ui/hooks@1.5.1":
    version "1.5.1"
    resolved "https://registry.yarnpkg.com/@chakra-ui/hooks/-/hooks-1.5.1.tgz#cae769a35fda0bb07512b52bf4e13fba740a72c5"
    integrity sha512-vKAXXsvOPu+juy07Acn8ozRCeCc/hteJaAMLE2QR/nHcjU/45+ClkCO23Q0upI1hBlV5t/NwUzkUQ+U1rTxAyw==
    dependencies:
      "@chakra-ui/react-utils" "1.1.2"
      "@chakra-ui/utils" "1.7.0"
      compute-scroll-into-view "1.0.14"
      copy-to-clipboard "3.3.1"
  
  "@chakra-ui/icon@1.1.8":
    version "1.1.8"
    resolved "https://registry.yarnpkg.com/@chakra-ui/icon/-/icon-1.1.8.tgz#fbee1c8e0ae848daeb05275049f0764d854dca59"
    integrity sha512-kbIPtRd9pD/iTXyzRn2s10w4uX54nNTnoNy/wP0k1145lOHPtlumRMJNSV6cxy+pnwS/YN6xNACfKy6yRQyIVA==
    dependencies:
      "@chakra-ui/utils" "1.7.0"
  
  "@chakra-ui/image@1.0.14":
    version "1.0.14"
    resolved "https://registry.yarnpkg.com/@chakra-ui/image/-/image-1.0.14.tgz#c907dfbfb30da9892b59a1e323d9d09aef50e4e6"
    integrity sha512-OvtXgXEPSfB+XVhMDNLMBMC1zwVZ3avgh3yDztYkkAl6y7LH756NX8OkW9OEYMIMDQWjjIp63dQufgwik1jzug==
    dependencies:
      "@chakra-ui/hooks" "1.5.1"
      "@chakra-ui/utils" "1.7.0"
  
  "@chakra-ui/input@1.2.4":
    version "1.2.4"
    resolved "https://registry.yarnpkg.com/@chakra-ui/input/-/input-1.2.4.tgz#34ee847c3f3751e01cd9c541b2a889a61abacd4e"
    integrity sha512-TCSOQpraTqCetlJw8xYvuu6XhijwA0387s1N7+zM/sb1+HgWGG/qwaG6VEPqOrJ9r7nTgW7FkYA1Vc3ol8BOlw==
    dependencies:
      "@chakra-ui/form-control" "1.3.4"
      "@chakra-ui/react-utils" "1.1.2"
      "@chakra-ui/utils" "1.7.0"
  
  "@chakra-ui/layout@1.4.4":
    version "1.4.4"
    resolved "https://registry.yarnpkg.com/@chakra-ui/layout/-/layout-1.4.4.tgz#3db5b364b2b44e4c8c7ad6b773357aed41519090"
    integrity sha512-CtcwgVivcBOM7bn+BHa/BbZ60moLvYWA9V2ukqhKJxLfSBoh/RTqH1q4Qmig+KbQ/xdbKcHTvanJjrMyn1jrpg==
    dependencies:
      "@chakra-ui/icon" "1.1.8"
      "@chakra-ui/react-utils" "1.1.2"
      "@chakra-ui/utils" "1.7.0"
  
  "@chakra-ui/live-region@1.0.11":
    version "1.0.11"
    resolved "https://registry.yarnpkg.com/@chakra-ui/live-region/-/live-region-1.0.11.tgz#34092c8431b952f5b9739ce3eba7a9a13d351b90"
    integrity sha512-/YsiA7cLuphlkvsfbEnlohSen8A+vPfi2XmzEcribO8P29qKd4yU5LjvGCGgQWNbiA6CcJmaKMJ1/yR3fRb8dQ==
    dependencies:
      "@chakra-ui/utils" "1.7.0"
  
  "@chakra-ui/media-query@1.0.12":
    version "1.0.12"
    resolved "https://registry.yarnpkg.com/@chakra-ui/media-query/-/media-query-1.0.12.tgz#84d71f3b2053c194587a596e43947b34da50d104"
    integrity sha512-Q2MKzjVxWRo3bfj3GIhzLQqXRNAYZ0gIq/ga+ywSZ4Khfrpcpt/zUnP+mA6+wL7jFMwV4Tw+sC1j3/KxPOMX+Q==
    dependencies:
      "@chakra-ui/utils" "1.7.0"
  
  "@chakra-ui/menu@1.6.0":
    version "1.6.0"
    resolved "https://registry.yarnpkg.com/@chakra-ui/menu/-/menu-1.6.0.tgz#9998424655a3ddb984fd558b537e3daa1b7b3352"
    integrity sha512-6fMTEcUYYuRi2vpfrgSErWE2KJ23jq280V4R0U8oIyuPdYpd8Te173VVTXLHnh9ArFOvq4SXdk8wZ05MZ05Xbg==
    dependencies:
      "@chakra-ui/clickable" "1.1.4"
      "@chakra-ui/descendant" "2.0.0"
      "@chakra-ui/hooks" "1.5.1"
      "@chakra-ui/popper" "2.1.2"
      "@chakra-ui/react-utils" "1.1.2"
      "@chakra-ui/transition" "1.2.2"
      "@chakra-ui/utils" "1.7.0"
  
  "@chakra-ui/modal@1.8.4":
    version "1.8.4"
    resolved "https://registry.yarnpkg.com/@chakra-ui/modal/-/modal-1.8.4.tgz#50821e09581342b4db9c39439b923625003811a1"
    integrity sha512-u1v2W4Zulz6eQzqVDDyyX/NlRIkOLDTvejUOSW9H1jlRYxFD349yulAPq2c9JxRCoT07/Qu0Pz4k9tITC5IvGQ==
    dependencies:
      "@chakra-ui/close-button" "1.1.8"
      "@chakra-ui/focus-lock" "1.1.7"
      "@chakra-ui/hooks" "1.5.1"
      "@chakra-ui/portal" "1.2.4"
      "@chakra-ui/react-utils" "1.1.2"
      "@chakra-ui/transition" "1.2.2"
      "@chakra-ui/utils" "1.7.0"
      aria-hidden "^1.1.1"
      react-remove-scroll "2.4.1"
  
  "@chakra-ui/number-input@1.2.4":
    version "1.2.4"
    resolved "https://registry.yarnpkg.com/@chakra-ui/number-input/-/number-input-1.2.4.tgz#0ca307805a08c8771467136355babbc6e4ac24c9"
    integrity sha512-2szmts7ex7EEbZZ2hqxk4lV0IFqDB1+/Ga2MoR9QkW8v+Vv9rPSzVrGwaltDlK0Rr9UXYvgBlnNpqhqbvQg4AA==
    dependencies:
      "@chakra-ui/counter" "1.1.4"
      "@chakra-ui/form-control" "1.3.4"
      "@chakra-ui/hooks" "1.5.1"
      "@chakra-ui/icon" "1.1.8"
      "@chakra-ui/react-utils" "1.1.2"
      "@chakra-ui/utils" "1.7.0"
  
  "@chakra-ui/pin-input@1.6.0":
    version "1.6.0"
    resolved "https://registry.yarnpkg.com/@chakra-ui/pin-input/-/pin-input-1.6.0.tgz#e15339f6a760a5eb7a5151d3c4b5998fa2860d6f"
    integrity sha512-Pri6lD+APiIkDkWvpgdFFXy4PzFj1XgxbvlmPUlafo97EwCtPSg3QWtOCdPWKtSpWMj1W4X/ZIsmelm/K9MKkw==
    dependencies:
      "@chakra-ui/descendant" "2.0.0"
      "@chakra-ui/hooks" "1.5.1"
      "@chakra-ui/react-utils" "1.1.2"
      "@chakra-ui/utils" "1.7.0"
  
  "@chakra-ui/popover@1.6.1":
    version "1.6.1"
    resolved "https://registry.yarnpkg.com/@chakra-ui/popover/-/popover-1.6.1.tgz#cc7c81f4967a9038293bdb648116331c59983b28"
    integrity sha512-w3xZK9t65AsiGuU6YXf1cpN/GBz4eJWZCDKVwJriHlKkq6L9umPtVjDGMgKegoTwnCokl8gFSxZp9yr2ACOQHQ==
    dependencies:
      "@chakra-ui/close-button" "1.1.8"
      "@chakra-ui/hooks" "1.5.1"
      "@chakra-ui/popper" "2.1.2"
      "@chakra-ui/react-utils" "1.1.2"
      "@chakra-ui/utils" "1.7.0"
  
  "@chakra-ui/popper@2.1.2":
    version "2.1.2"
    resolved "https://registry.yarnpkg.com/@chakra-ui/popper/-/popper-2.1.2.tgz#a3948c338c0ff4948a659fad34dcbc3d2bf7ea31"
    integrity sha512-X0GlUwOlX4coDO+JOYR52HZt8HsWGZmwL8GWr+DmRZvjBfRl7zKv8cAd4urYz5zwAo9TQfMb5bitjM/HPl3MvA==
    dependencies:
      "@chakra-ui/react-utils" "1.1.2"
      "@popperjs/core" "2.4.4"
  
  "@chakra-ui/portal@1.2.4":
    version "1.2.4"
    resolved "https://registry.yarnpkg.com/@chakra-ui/portal/-/portal-1.2.4.tgz#a9038e9ed1ebd73834588fbe2c97230b1c92be79"
    integrity sha512-clxYTpXQVSGcL6/+xrhYwKO9syOiPKrQLoe1fUJRp5QtppQ+JHJLKjbRkPujImHczMm2NZPfEqvuKYyHaZjDjw==
    dependencies:
      "@chakra-ui/hooks" "1.5.1"
      "@chakra-ui/react-utils" "1.1.2"
      "@chakra-ui/utils" "1.7.0"
  
  "@chakra-ui/progress@1.1.8":
    version "1.1.8"
    resolved "https://registry.yarnpkg.com/@chakra-ui/progress/-/progress-1.1.8.tgz#a9ce66b72643ad496dc4b329a68262b8aa5abab3"
    integrity sha512-3plfN2XxbjsfyPQc2JIcIgYS9Ofz16Sz0AQM8BZ3eziB17DaeFQua0nep76wFwjgKBuZUPO+lK7QYHMx0eLDdQ==
    dependencies:
      "@chakra-ui/theme-tools" "1.1.6"
      "@chakra-ui/utils" "1.7.0"
  
  "@chakra-ui/radio@1.3.4":
    version "1.3.4"
    resolved "https://registry.yarnpkg.com/@chakra-ui/radio/-/radio-1.3.4.tgz#cb11bd6ad6a1a6bb694d839ca4f7f9c3f92039bd"
    integrity sha512-OuYLs/IJIBPMGsB6Zwf5ohoWYGmZq134sBa4iI3aKjlVfBpqLUHX3dtln1dj6alRlThW8npeJC5j3nmjrZ6pfA==
    dependencies:
      "@chakra-ui/form-control" "1.3.4"
      "@chakra-ui/hooks" "1.5.1"
      "@chakra-ui/react-utils" "1.1.2"
      "@chakra-ui/utils" "1.7.0"
      "@chakra-ui/visually-hidden" "1.0.11"
  
  "@chakra-ui/react-env@1.0.3":
    version "1.0.3"
    resolved "https://registry.yarnpkg.com/@chakra-ui/react-env/-/react-env-1.0.3.tgz#ea97d7d1aeebdfac6c7510b4b71a0c46b26174e6"
    integrity sha512-9oYWKCIMxRboSgMI1ur4fQqwQm6zZGp0ilm/9BcpCTHa1FXLlOh19GE2L6PkcOahM8icbw6bXX35VdpgIIoOZg==
    dependencies:
      "@chakra-ui/utils" "1.7.0"
  
  "@chakra-ui/react-utils@1.1.2", "@chakra-ui/react-utils@^1.1.2":
    version "1.1.2"
    resolved "https://registry.yarnpkg.com/@chakra-ui/react-utils/-/react-utils-1.1.2.tgz#7ea80b6ae25bd7b182095cc9ffaad23c464408b5"
    integrity sha512-S8jPVKGZH2qF7ZGxl/0DF/dXXI2AxDNGf4Ahi2LGHqajMvqBB7vtYIRRmIA7+jAnErhzO8WUi3i4Z7oScp6xSA==
    dependencies:
      "@chakra-ui/utils" "^1.7.0"
  
  "@chakra-ui/react@^1.6.0":
    version "1.6.0"
    resolved "https://registry.yarnpkg.com/@chakra-ui/react/-/react-1.6.0.tgz#6eb5aa1563e0d36e008b03f94d112e0aaaaf0a6e"
    integrity sha512-xz6buC2jb7VVspV8SadR9pkEYbBCHOQ+MwcJTm+cveZVWfeth1SwU0Jb7pT4UEDB/OVv2LlaqnYUzsnc585Tpw==
    dependencies:
      "@chakra-ui/accordion" "1.3.0"
      "@chakra-ui/alert" "1.2.4"
      "@chakra-ui/avatar" "1.2.4"
      "@chakra-ui/breadcrumb" "1.2.4"
      "@chakra-ui/button" "1.3.1"
      "@chakra-ui/checkbox" "1.5.1"
      "@chakra-ui/close-button" "1.1.8"
      "@chakra-ui/control-box" "1.0.11"
      "@chakra-ui/counter" "1.1.4"
      "@chakra-ui/css-reset" "1.0.0"
      "@chakra-ui/editable" "1.2.4"
      "@chakra-ui/form-control" "1.3.4"
      "@chakra-ui/hooks" "1.5.1"
      "@chakra-ui/icon" "1.1.8"
      "@chakra-ui/image" "1.0.14"
      "@chakra-ui/input" "1.2.4"
      "@chakra-ui/layout" "1.4.4"
      "@chakra-ui/live-region" "1.0.11"
      "@chakra-ui/media-query" "1.0.12"
      "@chakra-ui/menu" "1.6.0"
      "@chakra-ui/modal" "1.8.4"
      "@chakra-ui/number-input" "1.2.4"
      "@chakra-ui/pin-input" "1.6.0"
      "@chakra-ui/popover" "1.6.1"
      "@chakra-ui/popper" "2.1.2"
      "@chakra-ui/portal" "1.2.4"
      "@chakra-ui/progress" "1.1.8"
      "@chakra-ui/radio" "1.3.4"
      "@chakra-ui/react-env" "1.0.3"
      "@chakra-ui/select" "1.1.8"
      "@chakra-ui/skeleton" "1.1.11"
      "@chakra-ui/slider" "1.2.4"
      "@chakra-ui/spinner" "1.1.8"
      "@chakra-ui/stat" "1.1.8"
      "@chakra-ui/switch" "1.2.4"
      "@chakra-ui/system" "1.6.4"
      "@chakra-ui/table" "1.2.3"
      "@chakra-ui/tabs" "1.5.0"
      "@chakra-ui/tag" "1.1.8"
      "@chakra-ui/textarea" "1.1.8"
      "@chakra-ui/theme" "1.8.4"
      "@chakra-ui/toast" "1.2.5"
      "@chakra-ui/tooltip" "1.3.4"
      "@chakra-ui/transition" "1.2.2"
      "@chakra-ui/utils" "1.7.0"
      "@chakra-ui/visually-hidden" "1.0.11"
  
  "@chakra-ui/select@1.1.8":
    version "1.1.8"
    resolved "https://registry.yarnpkg.com/@chakra-ui/select/-/select-1.1.8.tgz#273c66c302338b4bb525adcc7db31ab05ca45062"
    integrity sha512-XdWaE6wTMZ5JebNFK2BqCW6UFg9OEJ/ThRtA4A8UCXriOv+hjWGjudHIiUsEl+6+j02iOfqw64IT1xJcGgH0bw==
    dependencies:
      "@chakra-ui/form-control" "1.3.4"
      "@chakra-ui/utils" "1.7.0"
  
  "@chakra-ui/skeleton@1.1.11":
    version "1.1.11"
    resolved "https://registry.yarnpkg.com/@chakra-ui/skeleton/-/skeleton-1.1.11.tgz#eab4c7d190f6d8e7e6ca86cfb1618a0bcefc8c32"
    integrity sha512-Xh0iD84m5+OJxCr69rgDy4ediFNTNourk1QlMVVf7w2BAFVeDMM29wKkkjze9jGjfRdwKu9BxPyFz7Q5U0YxhQ==
    dependencies:
      "@chakra-ui/hooks" "1.5.1"
      "@chakra-ui/media-query" "1.0.12"
      "@chakra-ui/system" "1.6.4"
      "@chakra-ui/utils" "1.7.0"
  
  "@chakra-ui/slider@1.2.4":
    version "1.2.4"
    resolved "https://registry.yarnpkg.com/@chakra-ui/slider/-/slider-1.2.4.tgz#9ba481404260beddf069fad4823b31b93478ef97"
    integrity sha512-tZD1cHdJ/1RbpPodDlOuhkPE9XoRq6v/GKXDNJZiLuAoWr8gNf7auG3G7iJx2KmO/Px1CrbHSeNL1ufDt5YKew==
    dependencies:
      "@chakra-ui/hooks" "1.5.1"
      "@chakra-ui/react-utils" "1.1.2"
      "@chakra-ui/utils" "1.7.0"
  
  "@chakra-ui/spinner@1.1.8":
    version "1.1.8"
    resolved "https://registry.yarnpkg.com/@chakra-ui/spinner/-/spinner-1.1.8.tgz#766404a98924f693ce66c040baff3af4fe1dc81e"
    integrity sha512-aE3X9Rq2MYjF7YjTDLyfJvj07y/Wp3reeRoXe6Yz8yDfLX14tOPK+k/iDSFnUHtwB4D7fxQX5kpQ65bqVbg3Qg==
    dependencies:
      "@chakra-ui/utils" "1.7.0"
      "@chakra-ui/visually-hidden" "1.0.11"
  
  "@chakra-ui/stat@1.1.8":
    version "1.1.8"
    resolved "https://registry.yarnpkg.com/@chakra-ui/stat/-/stat-1.1.8.tgz#0a53e292b5a1ac2333bcd8eda877fedd30013a25"
    integrity sha512-TeEnOLTjYztBsUoNV/1WfFpWWou7wUvm7SfaSsmvXf14drclyc5cXHdPvcFKLd1R+jMMlsMAEqZ9szU9UZCdxw==
    dependencies:
      "@chakra-ui/icon" "1.1.8"
      "@chakra-ui/utils" "1.7.0"
      "@chakra-ui/visually-hidden" "1.0.11"
  
  "@chakra-ui/styled-system@1.10.4":
    version "1.10.4"
    resolved "https://registry.yarnpkg.com/@chakra-ui/styled-system/-/styled-system-1.10.4.tgz#70ea7dddec69dd9912ec1f65d502097f1f0b8cc6"
    integrity sha512-NPfbdjMreEX5rTAXgiFCoh5OotMO+hVLO/ixnn84SpWCUFPRxN8v129DQ+J7VhaKNUqWPMidzx47FmY3RwEJTw==
    dependencies:
      "@chakra-ui/utils" "1.7.0"
      csstype "^3.0.6"
  
  "@chakra-ui/switch@1.2.4":
    version "1.2.4"
    resolved "https://registry.yarnpkg.com/@chakra-ui/switch/-/switch-1.2.4.tgz#63c705fb3e108bf3b17a1cf045cd5545d82ad64e"
    integrity sha512-pXEXQl4OjUUWqXx3vvXYIrnBHkn2P6H3sARcKs5g7ZwYDQsGgzrEu09HEO9CH/vEQr6XforT5LEQl6LFyApAwg==
    dependencies:
      "@chakra-ui/checkbox" "1.5.1"
      "@chakra-ui/utils" "1.7.0"
  
  "@chakra-ui/system@1.6.4":
    version "1.6.4"
    resolved "https://registry.yarnpkg.com/@chakra-ui/system/-/system-1.6.4.tgz#827867b9bea2c9ce72fdc31001f2cb1b07df6ed2"
    integrity sha512-sj93AHFIC8XaQnv3CgQt3Zyr7P3fYUbGMxHKxGDMcSplg+lwOoWVX3UhY3HKCezblsib1+HFhB37oFp7jHlJ4A==
    dependencies:
      "@chakra-ui/color-mode" "1.1.7"
      "@chakra-ui/react-utils" "1.1.2"
      "@chakra-ui/styled-system" "1.10.4"
      "@chakra-ui/utils" "1.7.0"
      react-fast-compare "3.2.0"
  
  "@chakra-ui/table@1.2.3":
    version "1.2.3"
    resolved "https://registry.yarnpkg.com/@chakra-ui/table/-/table-1.2.3.tgz#6a6754f1d3c55c7ad6a3084c680e01c08ad5d82a"
    integrity sha512-nWpZpuS4SnzqDiXb+U03bcOYcmgJNBfd/2O2i2n3EYGwwg+6iso4QPWM+PP4xu+PxeBtQtQ+CPKkERLNka0NiQ==
    dependencies:
      "@chakra-ui/utils" "1.7.0"
  
  "@chakra-ui/tabs@1.5.0":
    version "1.5.0"
    resolved "https://registry.yarnpkg.com/@chakra-ui/tabs/-/tabs-1.5.0.tgz#8f31f6b076ed6d56c931ff3142696cfc2992dab6"
    integrity sha512-J3VIRdQeh8u8lsOhuGvrJVHWS7Bz2V9RAKqgSsTcKPVd8EKo50Yv61LgMR0+C1ba1thlbzoY2+Yoz8HFCQzIKg==
    dependencies:
      "@chakra-ui/clickable" "1.1.4"
      "@chakra-ui/descendant" "2.0.0"
      "@chakra-ui/hooks" "1.5.1"
      "@chakra-ui/react-utils" "1.1.2"
      "@chakra-ui/utils" "1.7.0"
  
  "@chakra-ui/tag@1.1.8":
    version "1.1.8"
    resolved "https://registry.yarnpkg.com/@chakra-ui/tag/-/tag-1.1.8.tgz#bccdb4eb624d068358ef59c5449f2b2766a0ac6d"
    integrity sha512-ebbFX5XUQlVNIynTxoFOeAJdGubGWtsbuwkPY/2c96hhrrWzb6IdK1CvKy5trhGWpKGtNJ7w+kcaDHQRX7oDvg==
    dependencies:
      "@chakra-ui/icon" "1.1.8"
      "@chakra-ui/utils" "1.7.0"
  
  "@chakra-ui/textarea@1.1.8":
    version "1.1.8"
    resolved "https://registry.yarnpkg.com/@chakra-ui/textarea/-/textarea-1.1.8.tgz#695be8f52b4ee93557ffdc460a3cbdd2f896fe3d"
    integrity sha512-L4xhCB6HSvR7A4XbrGu0xjnfBFqGtZfYZolz5VTfGbw0Zbc3B7wW59zL6XR2+wfkJhXzygy8tVQEn1n6u59EnQ==
    dependencies:
      "@chakra-ui/form-control" "1.3.4"
      "@chakra-ui/utils" "1.7.0"
  
  "@chakra-ui/theme-tools@1.1.6":
    version "1.1.6"
    resolved "https://registry.yarnpkg.com/@chakra-ui/theme-tools/-/theme-tools-1.1.6.tgz#b97a37135f17454ff4b326b9790e57d409fddd81"
    integrity sha512-VnAO9AAJGr967mHtAnJCq9mKzfka8I9Ya/6hYU/t1EaaMLy1IseIGkRX3hGYwpl3RZBXGamMxc4C5fJ0TKI4Lg==
    dependencies:
      "@chakra-ui/utils" "1.7.0"
      "@types/tinycolor2" "1.4.2"
      tinycolor2 "1.4.2"
  
  "@chakra-ui/theme@1.8.4":
    version "1.8.4"
    resolved "https://registry.yarnpkg.com/@chakra-ui/theme/-/theme-1.8.4.tgz#acf467c818f11aa5bcf1acd2e025063afb51aaad"
    integrity sha512-fmzl4gHpETwv7QvvWs1cLouXOTjkzsVWURZNzkDFWm/wOV8IQ2GsDFjP+dA5J2pvHIB6KovyXoN3BdTz9qdPqw==
    dependencies:
      "@chakra-ui/theme-tools" "1.1.6"
      "@chakra-ui/utils" "1.7.0"
  
  "@chakra-ui/toast@1.2.5":
    version "1.2.5"
    resolved "https://registry.yarnpkg.com/@chakra-ui/toast/-/toast-1.2.5.tgz#65393572b1ed6aca199e421f65cf62606639583e"
    integrity sha512-+Yw4Y68LdMUVsBMAjSQXFs5S+eIEzk5rFcxGYNNvCBWj/2jCuHv/pb0gI9Qk6o/z4zuY4vnGXGYBGYCdo8zOzg==
    dependencies:
      "@chakra-ui/alert" "1.2.4"
      "@chakra-ui/close-button" "1.1.8"
      "@chakra-ui/hooks" "1.5.1"
      "@chakra-ui/theme" "1.8.4"
      "@chakra-ui/transition" "1.2.2"
      "@chakra-ui/utils" "1.7.0"
      "@reach/alert" "0.13.2"
  
  "@chakra-ui/tooltip@1.3.4":
    version "1.3.4"
    resolved "https://registry.yarnpkg.com/@chakra-ui/tooltip/-/tooltip-1.3.4.tgz#fcca05091cf0086014c209919505e35601a505d6"
    integrity sha512-EnaYXZ4VbMlN12vpobKe5XXBAUxzaBQmxLTzEKlCEYBnhOu9qDR6fRUgF7nwcR8urgNBMfO1t3uED971upOMjQ==
    dependencies:
      "@chakra-ui/hooks" "1.5.1"
      "@chakra-ui/popper" "2.1.2"
      "@chakra-ui/portal" "1.2.4"
      "@chakra-ui/react-utils" "1.1.2"
      "@chakra-ui/utils" "1.7.0"
      "@chakra-ui/visually-hidden" "1.0.11"
  
  "@chakra-ui/transition@1.2.2":
    version "1.2.2"
    resolved "https://registry.yarnpkg.com/@chakra-ui/transition/-/transition-1.2.2.tgz#eeeea236b287aa8818b87676e96cceaf83f3a803"
    integrity sha512-NzNE0LyD4QzvkmgpfnjshA5sxzC14bMpgLBIXklrOyUEjV7b04erYOXd3iS26JWyu4nPTyMYXH5ipxKcI1SjSA==
    dependencies:
      "@chakra-ui/hooks" "1.5.1"
      "@chakra-ui/utils" "1.7.0"
  
  "@chakra-ui/utils@1.7.0", "@chakra-ui/utils@^1.7.0":
    version "1.7.0"
    resolved "https://registry.yarnpkg.com/@chakra-ui/utils/-/utils-1.7.0.tgz#21c4807f56487284b93773da22665b63730a784c"
    integrity sha512-fMZOnWBh/TzAYufkpeVw3yMNxKmYHEkB93luDpIJgxGt4mrbl+A66pd5GvJSGK1N34WYbjWRiJrrSvRI548eZA==
    dependencies:
      "@types/lodash.mergewith" "4.6.6"
      css-box-model "1.2.1"
      framesync "5.3.0"
      lodash.mergewith "4.6.2"
  
  "@chakra-ui/visually-hidden@1.0.11":
    version "1.0.11"
    resolved "https://registry.yarnpkg.com/@chakra-ui/visually-hidden/-/visually-hidden-1.0.11.tgz#011dfe91817bc5b40548c0504dac57552f63d70c"
    integrity sha512-gk2GVdEesFLN6Xrx2/kHfyzmT9nu0iVpvkY2tWnIVvSgpWh5zwGFO/DNpnxOkx9k9Pd/ffhCgki9OkpPL1NO9A==
    dependencies:
      "@chakra-ui/utils" "1.7.0"
  
  "@emotion/babel-plugin@^11.3.0":
    version "11.3.0"
    resolved "https://registry.yarnpkg.com/@emotion/babel-plugin/-/babel-plugin-11.3.0.tgz#3a16850ba04d8d9651f07f3fb674b3436a4fb9d7"
    integrity sha512-UZKwBV2rADuhRp+ZOGgNWg2eYgbzKzQXfQPtJbu/PLy8onurxlNCLvxMQEvlr1/GudguPI5IU9qIY1+2z1M5bA==
    dependencies:
      "@babel/helper-module-imports" "^7.12.13"
      "@babel/plugin-syntax-jsx" "^7.12.13"
      "@babel/runtime" "^7.13.10"
      "@emotion/hash" "^0.8.0"
      "@emotion/memoize" "^0.7.5"
      "@emotion/serialize" "^1.0.2"
      babel-plugin-macros "^2.6.1"
      convert-source-map "^1.5.0"
      escape-string-regexp "^4.0.0"
      find-root "^1.1.0"
      source-map "^0.5.7"
      stylis "^4.0.3"
  
  "@emotion/cache@^11.1.3":
    version "11.1.3"
    resolved "https://registry.yarnpkg.com/@emotion/cache/-/cache-11.1.3.tgz#c7683a9484bcd38d5562f2b9947873cf66829afd"
    integrity sha512-n4OWinUPJVaP6fXxWZD9OUeQ0lY7DvtmtSuqtRWT0Ofo/sBLCVSgb4/Oa0Q5eFxcwablRKjUXqXtNZVyEwCAuA==
    dependencies:
      "@emotion/memoize" "^0.7.4"
      "@emotion/sheet" "^1.0.0"
      "@emotion/utils" "^1.0.0"
      "@emotion/weak-memoize" "^0.2.5"
      stylis "^4.0.3"
  
  "@emotion/hash@^0.8.0":
    version "0.8.0"
    resolved "https://registry.yarnpkg.com/@emotion/hash/-/hash-0.8.0.tgz#bbbff68978fefdbe68ccb533bc8cbe1d1afb5413"
    integrity sha512-kBJtf7PH6aWwZ6fka3zQ0p6SBYzx4fl1LoZXE2RrnYST9Xljm7WfKJrU4g/Xr3Beg72MLrp1AWNUmuYJTL7Cow==
  
  "@emotion/is-prop-valid@^0.8.2":
    version "0.8.8"
    resolved "https://registry.yarnpkg.com/@emotion/is-prop-valid/-/is-prop-valid-0.8.8.tgz#db28b1c4368a259b60a97311d6a952d4fd01ac1a"
    integrity sha512-u5WtneEAr5IDG2Wv65yhunPSMLIpuKsbuOktRojfrEiEvRyC85LgPMZI63cr7NUqT8ZIGdSVg8ZKGxIug4lXcA==
    dependencies:
      "@emotion/memoize" "0.7.4"
  
  "@emotion/is-prop-valid@^1.1.0":
    version "1.1.0"
    resolved "https://registry.yarnpkg.com/@emotion/is-prop-valid/-/is-prop-valid-1.1.0.tgz#29ef6be1e946fb4739f9707def860f316f668cde"
    integrity sha512-9RkilvXAufQHsSsjQ3PIzSns+pxuX4EW8EbGeSPjZMHuMx6z/MOzb9LpqNieQX4F3mre3NWS2+X3JNRHTQztUQ==
    dependencies:
      "@emotion/memoize" "^0.7.4"
  
  "@emotion/memoize@0.7.4":
    version "0.7.4"
    resolved "https://registry.yarnpkg.com/@emotion/memoize/-/memoize-0.7.4.tgz#19bf0f5af19149111c40d98bb0cf82119f5d9eeb"
    integrity sha512-Ja/Vfqe3HpuzRsG1oBtWTHk2PGZ7GR+2Vz5iYGelAw8dx32K0y7PjVuxK6z1nMpZOqAFsRUPCkK1YjJ56qJlgw==
  
  "@emotion/memoize@^0.7.4", "@emotion/memoize@^0.7.5":
    version "0.7.5"
    resolved "https://registry.yarnpkg.com/@emotion/memoize/-/memoize-0.7.5.tgz#2c40f81449a4e554e9fc6396910ed4843ec2be50"
    integrity sha512-igX9a37DR2ZPGYtV6suZ6whr8pTFtyHL3K/oLUotxpSVO2ASaprmAe2Dkq7tBo7CRY7MMDrAa9nuQP9/YG8FxQ==
  
  "@emotion/react@^11":
    version "11.1.5"
    resolved "https://registry.yarnpkg.com/@emotion/react/-/react-11.1.5.tgz#15e78f9822894cdc296e6f4e0688bac8120dfe66"
    integrity sha512-xfnZ9NJEv9SU9K2sxXM06lzjK245xSeHRpUh67eARBm3PBHjjKIZlfWZ7UQvD0Obvw6ZKjlC79uHrlzFYpOB/Q==
    dependencies:
      "@babel/runtime" "^7.7.2"
      "@emotion/cache" "^11.1.3"
      "@emotion/serialize" "^1.0.0"
      "@emotion/sheet" "^1.0.1"
      "@emotion/utils" "^1.0.0"
      "@emotion/weak-memoize" "^0.2.5"
      hoist-non-react-statics "^3.3.1"
  
  "@emotion/serialize@^1.0.0", "@emotion/serialize@^1.0.2":
    version "1.0.2"
    resolved "https://registry.yarnpkg.com/@emotion/serialize/-/serialize-1.0.2.tgz#77cb21a0571c9f68eb66087754a65fa97bfcd965"
    integrity sha512-95MgNJ9+/ajxU7QIAruiOAdYNjxZX7G2mhgrtDWswA21VviYIRP1R5QilZ/bDY42xiKsaktP4egJb3QdYQZi1A==
    dependencies:
      "@emotion/hash" "^0.8.0"
      "@emotion/memoize" "^0.7.4"
      "@emotion/unitless" "^0.7.5"
      "@emotion/utils" "^1.0.0"
      csstype "^3.0.2"
  
  "@emotion/sheet@^1.0.0", "@emotion/sheet@^1.0.1":
    version "1.0.1"
    resolved "https://registry.yarnpkg.com/@emotion/sheet/-/sheet-1.0.1.tgz#245f54abb02dfd82326e28689f34c27aa9b2a698"
    integrity sha512-GbIvVMe4U+Zc+929N1V7nW6YYJtidj31lidSmdYcWozwoBIObXBnaJkKNDjZrLm9Nc0BR+ZyHNaRZxqNZbof5g==
  
  "@emotion/styled@^11":
    version "11.3.0"
    resolved "https://registry.yarnpkg.com/@emotion/styled/-/styled-11.3.0.tgz#d63ee00537dfb6ff612e31b0e915c5cf9925a207"
    integrity sha512-fUoLcN3BfMiLlRhJ8CuPUMEyKkLEoM+n+UyAbnqGEsCd5IzKQ7VQFLtzpJOaCD2/VR2+1hXQTnSZXVJeiTNltA==
    dependencies:
      "@babel/runtime" "^7.13.10"
      "@emotion/babel-plugin" "^11.3.0"
      "@emotion/is-prop-valid" "^1.1.0"
      "@emotion/serialize" "^1.0.2"
      "@emotion/utils" "^1.0.0"
  
  "@emotion/unitless@^0.7.5":
    version "0.7.5"
    resolved "https://registry.yarnpkg.com/@emotion/unitless/-/unitless-0.7.5.tgz#77211291c1900a700b8a78cfafda3160d76949ed"
    integrity sha512-OWORNpfjMsSSUBVrRBVGECkhWcULOAJz9ZW8uK9qgxD+87M7jHRcvh/A96XXNhXTLmKcoYSQtBEX7lHMO7YRwg==
  
  "@emotion/utils@^1.0.0":
    version "1.0.0"
    resolved "https://registry.yarnpkg.com/@emotion/utils/-/utils-1.0.0.tgz#abe06a83160b10570816c913990245813a2fd6af"
    integrity sha512-mQC2b3XLDs6QCW+pDQDiyO/EdGZYOygE8s5N5rrzjSI4M3IejPE/JPndCBwRT9z982aqQNi6beWs1UeayrQxxA==
  
  "@emotion/weak-memoize@^0.2.5":
    version "0.2.5"
    resolved "https://registry.yarnpkg.com/@emotion/weak-memoize/-/weak-memoize-0.2.5.tgz#8eed982e2ee6f7f4e44c253e12962980791efd46"
    integrity sha512-6U71C2Wp7r5XtFtQzYrW5iKFT67OixrSxjI4MptCHzdSVlgabczzqLe0ZSgnub/5Kp4hSbpDB1tMytZY9pwxxA==
  
  "@popperjs/core@2.4.4":
    version "2.4.4"
    resolved "https://registry.yarnpkg.com/@popperjs/core/-/core-2.4.4.tgz#11d5db19bd178936ec89cd84519c4de439574398"
    integrity sha512-1oO6+dN5kdIA3sKPZhRGJTfGVP4SWV6KqlMOwry4J3HfyD68sl/3KmG7DeYUzvN+RbhXDnv/D8vNNB8168tAMg==
  
  "@reach/alert@0.13.2":
    version "0.13.2"
    resolved "https://registry.yarnpkg.com/@reach/alert/-/alert-0.13.2.tgz#71c4a848d51341f1d6d9eaae060975391c224870"
    integrity sha512-LDz83AXCrClyq/MWe+0vaZfHp1Ytqn+kgL5VxG7rirUvmluWaj/snxzfNPWn0Ma4K2YENmXXRC/iHt5X95SqIg==
    dependencies:
      "@reach/utils" "0.13.2"
      "@reach/visually-hidden" "0.13.2"
      prop-types "^15.7.2"
      tslib "^2.1.0"
  
  "@reach/utils@0.13.2":
    version "0.13.2"
    resolved "https://registry.yarnpkg.com/@reach/utils/-/utils-0.13.2.tgz#87e8fef8ebfe583fa48250238a1a3ed03189fcc8"
    integrity sha512-3ir6cN60zvUrwjOJu7C6jec/samqAeyAB12ZADK+qjnmQPdzSYldrFWwDVV5H0WkhbYXR3uh+eImu13hCetNPQ==
    dependencies:
      "@types/warning" "^3.0.0"
      tslib "^2.1.0"
      warning "^4.0.3"
  
  "@reach/visually-hidden@0.13.2":
    version "0.13.2"
    resolved "https://registry.yarnpkg.com/@reach/visually-hidden/-/visually-hidden-0.13.2.tgz#ee21de376a7e57e60dc92d95a671073796caa17e"
    integrity sha512-sPZwNS0/duOuG0mYwE5DmgEAzW9VhgU3aIt1+mrfT/xiT9Cdncqke+kRBQgU708q/Ttm9tWsoHni03nn/SuPTQ==
    dependencies:
      prop-types "^15.7.2"
      tslib "^2.1.0"
  
  "@types/history@*":
    version "4.7.8"
    resolved "https://registry.yarnpkg.com/@types/history/-/history-4.7.8.tgz#49348387983075705fe8f4e02fb67f7daaec4934"
    integrity sha512-S78QIYirQcUoo6UJZx9CSP0O2ix9IaeAXwQi26Rhr/+mg7qqPy8TzaxHSUut7eGjL8WmLccT7/MXf304WjqHcA==
  
  "@types/lodash.mergewith@4.6.6":
    version "4.6.6"
    resolved "https://registry.yarnpkg.com/@types/lodash.mergewith/-/lodash.mergewith-4.6.6.tgz#c4698f5b214a433ff35cb2c75ee6ec7f99d79f10"
    integrity sha512-RY/8IaVENjG19rxTZu9Nukqh0W2UrYgmBj5sdns4hWRZaV8PqR7wIKHFKzvOTjo4zVRV7sVI+yFhAJql12Kfqg==
    dependencies:
      "@types/lodash" "*"
  
  "@types/lodash@*":
    version "4.14.168"
    resolved "https://registry.yarnpkg.com/@types/lodash/-/lodash-4.14.168.tgz#fe24632e79b7ade3f132891afff86caa5e5ce008"
    integrity sha512-oVfRvqHV/V6D1yifJbVRU3TMp8OT6o6BG+U9MkwuJ3U8/CsDHvalRpsxBqivn71ztOFZBTfJMvETbqHiaNSj7Q==
  
  "@types/parse-json@^4.0.0":
    version "4.0.0"
    resolved "https://registry.yarnpkg.com/@types/parse-json/-/parse-json-4.0.0.tgz#2f8bb441434d163b35fb8ffdccd7138927ffb8c0"
    integrity sha512-//oorEZjL6sbPcKUaCdIGlIUeH26mgzimjBB77G6XRgnDl/L5wOnpyBGRe/Mmf5CVW3PwEBE1NjiMZ/ssFh4wA==
  
  "@types/prop-types@*":
    version "15.7.3"
    resolved "https://registry.yarnpkg.com/@types/prop-types/-/prop-types-15.7.3.tgz#2ab0d5da2e5815f94b0b9d4b95d1e5f243ab2ca7"
    integrity sha512-KfRL3PuHmqQLOG+2tGpRO26Ctg+Cq1E01D2DMriKEATHgWLfeNDmq9e29Q9WIky0dQ3NPkd1mzYH8Lm936Z9qw==
  
  "@types/react-helmet@^6.1.1":
    version "6.1.1"
    resolved "https://registry.yarnpkg.com/@types/react-helmet/-/react-helmet-6.1.1.tgz#4fde22cbcaa1b461642e1d719cc6162d95acb110"
    integrity sha512-VmSCMz6jp/06DABoY60vQa++h1YFt0PfAI23llxBJHbowqFgLUL0dhS1AQeVPNqYfRp9LAfokrfWACTNeobOrg==
    dependencies:
      "@types/react" "*"
  
  "@types/react-router-dom@^5.1.7":
    version "5.1.7"
    resolved "https://registry.yarnpkg.com/@types/react-router-dom/-/react-router-dom-5.1.7.tgz#a126d9ea76079ffbbdb0d9225073eb5797ab7271"
    integrity sha512-D5mHD6TbdV/DNHYsnwBTv+y73ei+mMjrkGrla86HthE4/PVvL1J94Bu3qABU+COXzpL23T1EZapVVpwHuBXiUg==
    dependencies:
      "@types/history" "*"
      "@types/react" "*"
      "@types/react-router" "*"
  
  "@types/react-router@*":
    version "5.1.13"
    resolved "https://registry.yarnpkg.com/@types/react-router/-/react-router-5.1.13.tgz#051c0d229bd48ad90558a1db500708127cc512f7"
    integrity sha512-ZIuaO9Yrln54X6elg8q2Ivp6iK6p4syPsefEYAhRDAoqNh48C8VYUmB9RkXjKSQAJSJV0mbIFCX7I4vZDcHrjg==
    dependencies:
      "@types/history" "*"
      "@types/react" "*"
  
  "@types/react@*":
    version "17.0.4"
    resolved "https://registry.yarnpkg.com/@types/react/-/react-17.0.4.tgz#a67c6f7a460d2660e950d9ccc1c2f18525c28220"
    integrity sha512-onz2BqScSFMoTRdJUZUDD/7xrusM8hBA2Fktk2qgaTYPCgPvWnDEgkrOs8hhPUf2jfcIXkJ5yK6VfYormJS3Jw==
    dependencies:
      "@types/prop-types" "*"
      "@types/scheduler" "*"
      csstype "^3.0.2"
  
  "@types/scheduler@*":
    version "0.16.1"
    resolved "https://registry.yarnpkg.com/@types/scheduler/-/scheduler-0.16.1.tgz#18845205e86ff0038517aab7a18a62a6b9f71275"
    integrity sha512-EaCxbanVeyxDRTQBkdLb3Bvl/HK7PBK6UJjsSixB0iHKoWxE5uu2Q/DgtpOhPIojN0Zl1whvOd7PoHs2P0s5eA==
  
  "@types/tinycolor2@1.4.2":
    version "1.4.2"
    resolved "https://registry.yarnpkg.com/@types/tinycolor2/-/tinycolor2-1.4.2.tgz#721ca5c5d1a2988b4a886e35c2ffc5735b6afbdf"
    integrity sha512-PeHg/AtdW6aaIO2a+98Xj7rWY4KC1E6yOy7AFknJQ7VXUGNrMlyxDFxJo7HqLtjQms/ZhhQX52mLVW/EX3JGOw==
  
  "@types/warning@^3.0.0":
    version "3.0.0"
    resolved "https://registry.yarnpkg.com/@types/warning/-/warning-3.0.0.tgz#0d2501268ad8f9962b740d387c4654f5f8e23e52"
    integrity sha1-DSUBJorY+ZYrdA04fEZU9fjiPlI=
  
  ansi-styles@^3.2.1:
    version "3.2.1"
    resolved "https://registry.yarnpkg.com/ansi-styles/-/ansi-styles-3.2.1.tgz#41fbb20243e50b12be0f04b8dedbf07520ce841d"
    integrity sha512-VT0ZI6kZRdTh8YyJw3SMbYm/u+NqfsAxEpWO0Pf9sq8/e94WxxOpPKx9FR1FlyCtOVDNOQ+8ntlqFxiRc+r5qA==
    dependencies:
      color-convert "^1.9.0"
  
  aria-hidden@^1.1.1:
    version "1.1.2"
    resolved "https://registry.yarnpkg.com/aria-hidden/-/aria-hidden-1.1.2.tgz#5354315a29bffdaced3993fccd826817dc8c5272"
    integrity sha512-WAMH9q3vRimVqP+B0q2eDvx7IPDoY17A2fWwj5atTA/zTYJCNcS6HJ5YErZ5FO3PUHhrV0y0yR1NA0dRNm913A==
    dependencies:
      tslib "^1.0.0"
  
  babel-plugin-macros@^2.6.1:
    version "2.8.0"
    resolved "https://registry.yarnpkg.com/babel-plugin-macros/-/babel-plugin-macros-2.8.0.tgz#0f958a7cc6556b1e65344465d99111a1e5e10138"
    integrity sha512-SEP5kJpfGYqYKpBrj5XU3ahw5p5GOHJ0U5ssOSQ/WBVdwkD2Dzlce95exQTs3jOVWPPKLBN2rlEWkCK7dSmLvg==
    dependencies:
      "@babel/runtime" "^7.7.2"
      cosmiconfig "^6.0.0"
      resolve "^1.12.0"
  
  callsites@^3.0.0:
    version "3.1.0"
    resolved "https://registry.yarnpkg.com/callsites/-/callsites-3.1.0.tgz#b3630abd8943432f54b3f0519238e33cd7df2f73"
    integrity sha512-P8BjAsXvZS+VIDUI11hHCQEv74YT67YUi5JJFNWIqL235sBmjX4+qx9Muvls5ivyNENctx46xQLQ3aTuE7ssaQ==
  
  chalk@^2.0.0:
    version "2.4.2"
    resolved "https://registry.yarnpkg.com/chalk/-/chalk-2.4.2.tgz#cd42541677a54333cf541a49108c1432b44c9424"
    integrity sha512-Mti+f9lpJNcwF4tWV8/OrTTtF1gZi+f8FqlyAdouralcFWFQWF2+NgCHShjkCb+IFBLq9buZwE1xckQU4peSuQ==
    dependencies:
      ansi-styles "^3.2.1"
      escape-string-regexp "^1.0.5"
      supports-color "^5.3.0"
  
  color-convert@^1.9.0:
    version "1.9.3"
    resolved "https://registry.yarnpkg.com/color-convert/-/color-convert-1.9.3.tgz#bb71850690e1f136567de629d2d5471deda4c1e8"
    integrity sha512-QfAUtd+vFdAtFQcC8CCyYt1fYWxSqAiK2cSD6zDB8N3cpsEBAvRxp9zOGg6G/SHHJYAT88/az/IuDGALsNVbGg==
    dependencies:
      color-name "1.1.3"
  
  color-name@1.1.3:
    version "1.1.3"
    resolved "https://registry.yarnpkg.com/color-name/-/color-name-1.1.3.tgz#a7d0558bd89c42f795dd42328f740831ca53bc25"
    integrity sha1-p9BVi9icQveV3UIyj3QIMcpTvCU=
  
  compute-scroll-into-view@1.0.14:
    version "1.0.14"
    resolved "https://registry.yarnpkg.com/compute-scroll-into-view/-/compute-scroll-into-view-1.0.14.tgz#80e3ebb25d6aa89f42e533956cb4b16a04cfe759"
    integrity sha512-mKDjINe3tc6hGelUMNDzuhorIUZ7kS7BwyY0r2wQd2HOH2tRuJykiC06iSEX8y1TuhNzvz4GcJnK16mM2J1NMQ==
  
  convert-source-map@^1.5.0:
    version "1.7.0"
    resolved "https://registry.yarnpkg.com/convert-source-map/-/convert-source-map-1.7.0.tgz#17a2cb882d7f77d3490585e2ce6c524424a3a442"
    integrity sha512-4FJkXzKXEDB1snCFZlLP4gpC3JILicCpGbzG9f9G7tGqGCzETQ2hWPrcinA9oU4wtf2biUaEH5065UnMeR33oA==
    dependencies:
      safe-buffer "~5.1.1"
  
  copy-to-clipboard@3.3.1:
    version "3.3.1"
    resolved "https://registry.yarnpkg.com/copy-to-clipboard/-/copy-to-clipboard-3.3.1.tgz#115aa1a9998ffab6196f93076ad6da3b913662ae"
    integrity sha512-i13qo6kIHTTpCm8/Wup+0b1mVWETvu2kIMzKoK8FpkLkFxlt0znUAHcMzox+T8sPlqtZXq3CulEjQHsYiGFJUw==
    dependencies:
      toggle-selection "^1.0.6"
  
  cosmiconfig@^6.0.0:
    version "6.0.0"
    resolved "https://registry.yarnpkg.com/cosmiconfig/-/cosmiconfig-6.0.0.tgz#da4fee853c52f6b1e6935f41c1a2fc50bd4a9982"
    integrity sha512-xb3ZL6+L8b9JLLCx3ZdoZy4+2ECphCMo2PwqgP1tlfVq6M6YReyzBJtvWWtbDSpNr9hn96pkCiZqUcFEc+54Qg==
    dependencies:
      "@types/parse-json" "^4.0.0"
      import-fresh "^3.1.0"
      parse-json "^5.0.0"
      path-type "^4.0.0"
      yaml "^1.7.2"
  
  css-box-model@1.2.1:
    version "1.2.1"
    resolved "https://registry.yarnpkg.com/css-box-model/-/css-box-model-1.2.1.tgz#59951d3b81fd6b2074a62d49444415b0d2b4d7c1"
    integrity sha512-a7Vr4Q/kd/aw96bnJG332W9V9LkJO69JRcaCYDUqjp6/z0w6VcZjgAcTbgFxEPfBgdnAwlh3iwu+hLopa+flJw==
    dependencies:
      tiny-invariant "^1.0.6"
  
  csstype@^3.0.2, csstype@^3.0.6:
    version "3.0.8"
    resolved "https://registry.yarnpkg.com/csstype/-/csstype-3.0.8.tgz#d2266a792729fb227cd216fb572f43728e1ad340"
    integrity sha512-jXKhWqXPmlUeoQnF/EhTtTl4C9SnrxSH/jZUih3jmO6lBKr99rP3/+FmrMj4EFpOXzMtXHAZkd3x0E6h6Fgflw==
  
  detect-node-es@^1.1.0:
    version "1.1.0"
    resolved "https://registry.yarnpkg.com/detect-node-es/-/detect-node-es-1.1.0.tgz#163acdf643330caa0b4cd7c21e7ee7755d6fa493"
    integrity sha512-ypdmJU/TbBby2Dxibuv7ZLW3Bs1QEmM7nHjEANfohJLvE0XVujisn1qPJcZxg+qDucsr+bP6fLD1rPS3AhJ7EQ==
  
  error-ex@^1.3.1:
    version "1.3.2"
    resolved "https://registry.yarnpkg.com/error-ex/-/error-ex-1.3.2.tgz#b4ac40648107fdcdcfae242f428bea8a14d4f1bf"
    integrity sha512-7dFHNmqeFSEt2ZBsCriorKnn3Z2pj+fd9kmI6QoWw4//DL+icEBfc0U7qJCisqrTsKTjw4fNFy2pW9OqStD84g==
    dependencies:
      is-arrayish "^0.2.1"
  
  escape-string-regexp@^1.0.5:
    version "1.0.5"
    resolved "https://registry.yarnpkg.com/escape-string-regexp/-/escape-string-regexp-1.0.5.tgz#1b61c0562190a8dff6ae3bb2cf0200ca130b86d4"
    integrity sha1-G2HAViGQqN/2rjuyzwIAyhMLhtQ=
  
  escape-string-regexp@^4.0.0:
    version "4.0.0"
    resolved "https://registry.yarnpkg.com/escape-string-regexp/-/escape-string-regexp-4.0.0.tgz#14ba83a5d373e3d311e5afca29cf5bfad965bf34"
    integrity sha512-TtpcNJ3XAzx3Gq8sWRzJaVajRs0uVxA2YAkdb1jm2YkPz4G6egUFAyA3n5vtEIZefPk5Wa4UXbKuS5fKkJWdgA==
  
  find-root@^1.1.0:
    version "1.1.0"
    resolved "https://registry.yarnpkg.com/find-root/-/find-root-1.1.0.tgz#abcfc8ba76f708c42a97b3d685b7e9450bfb9ce4"
    integrity sha512-NKfW6bec6GfKc0SGx1e07QZY9PE99u0Bft/0rzSD5k3sO/vwkVUpDUKVm5Gpp5Ue3YfShPFTX2070tDs5kB9Ng==
  
  focus-lock@^0.8.1:
    version "0.8.1"
    resolved "https://registry.yarnpkg.com/focus-lock/-/focus-lock-0.8.1.tgz#bb36968abf77a2063fa173cb6c47b12ac8599d33"
    integrity sha512-/LFZOIo82WDsyyv7h7oc0MJF9ACOvDRdx9rWPZ2pgMfNWu/z8hQDBtOchuB/0BVLmuFOZjV02YwUVzNsWx/EzA==
    dependencies:
      tslib "^1.9.3"
  
  framer-motion@^4:
    version "4.1.11"
    resolved "https://registry.yarnpkg.com/framer-motion/-/framer-motion-4.1.11.tgz#022fdfe899bf644cab8d0f33ee35156e2d036391"
    integrity sha512-7N67I8PUNH3OT0RTlNB672k5UiuWg5B17c+9Lc6BjICRo66gKeiq/Hy091lWCqNuSLEO59F9z39zxb3wMg6Tjg==
    dependencies:
      framesync "5.3.0"
      hey-listen "^1.0.8"
      popmotion "9.3.5"
      style-value-types "4.1.4"
      tslib "^2.1.0"
    optionalDependencies:
      "@emotion/is-prop-valid" "^0.8.2"
  
  framesync@5.3.0:
    version "5.3.0"
    resolved "https://registry.yarnpkg.com/framesync/-/framesync-5.3.0.tgz#0ecfc955e8f5a6ddc8fdb0cc024070947e1a0d9b"
    integrity sha512-oc5m68HDO/tuK2blj7ZcdEBRx3p1PjrgHazL8GYEpvULhrtGIFbQArN6cQS2QhW8mitffaB+VYzMjDqBxxQeoA==
    dependencies:
      tslib "^2.1.0"
  
  function-bind@^1.1.1:
    version "1.1.1"
    resolved "https://registry.yarnpkg.com/function-bind/-/function-bind-1.1.1.tgz#a56899d3ea3c9bab874bb9773b7c5ede92f4895d"
    integrity sha512-yIovAzMX49sF8Yl58fSCWJ5svSLuaibPxXQJFLmBObTuCr0Mf1KiPopGM9NiFjiYBCbfaa2Fh6breQ6ANVTI0A==
  
  get-nonce@^1.0.0:
    version "1.0.1"
    resolved "https://registry.yarnpkg.com/get-nonce/-/get-nonce-1.0.1.tgz#fdf3f0278073820d2ce9426c18f07481b1e0cdf3"
    integrity sha512-FJhYRoDaiatfEkUK8HKlicmu/3SGFD51q3itKDGoSTysQJBnfOcxU5GxnhE1E6soB76MbT0MBtnKJuXyAx+96Q==
  
  has-flag@^3.0.0:
    version "3.0.0"
    resolved "https://registry.yarnpkg.com/has-flag/-/has-flag-3.0.0.tgz#b5d454dc2199ae225699f3467e5a07f3b955bafd"
    integrity sha1-tdRU3CGZriJWmfNGfloH87lVuv0=
  
  has@^1.0.3:
    version "1.0.3"
    resolved "https://registry.yarnpkg.com/has/-/has-1.0.3.tgz#722d7cbfc1f6aa8241f16dd814e011e1f41e8796"
    integrity sha512-f2dvO0VU6Oej7RkWJGrehjbzMAjFp5/VKPp5tTpWIV4JHHZK1/BxbFRtf/siA2SWTe09caDmVtYYzWEIbBS4zw==
    dependencies:
      function-bind "^1.1.1"
  
  hey-listen@^1.0.8:
    version "1.0.8"
    resolved "https://registry.yarnpkg.com/hey-listen/-/hey-listen-1.0.8.tgz#8e59561ff724908de1aa924ed6ecc84a56a9aa68"
    integrity sha512-COpmrF2NOg4TBWUJ5UVyaCU2A88wEMkUPK4hNqyCkqHbxT92BbvfjoSozkAIIm6XhicGlJHhFdullInrdhwU8Q==
  
  history@^4.9.0:
    version "4.10.1"
    resolved "https://registry.yarnpkg.com/history/-/history-4.10.1.tgz#33371a65e3a83b267434e2b3f3b1b4c58aad4cf3"
    integrity sha512-36nwAD620w12kuzPAsyINPWJqlNbij+hpK1k9XRloDtym8mxzGYl2c17LnV6IAGB2Dmg4tEa7G7DlawS0+qjew==
    dependencies:
      "@babel/runtime" "^7.1.2"
      loose-envify "^1.2.0"
      resolve-pathname "^3.0.0"
      tiny-invariant "^1.0.2"
      tiny-warning "^1.0.0"
      value-equal "^1.0.1"
  
  hoist-non-react-statics@^3.1.0, hoist-non-react-statics@^3.3.1:
    version "3.3.2"
    resolved "https://registry.yarnpkg.com/hoist-non-react-statics/-/hoist-non-react-statics-3.3.2.tgz#ece0acaf71d62c2969c2ec59feff42a4b1a85b45"
    integrity sha512-/gGivxi8JPKWNm/W0jSmzcMPpfpPLc3dY/6GxhX2hQ9iGj3aDfklV4ET7NjKpSinLpJ5vafa9iiGIEZg10SfBw==
    dependencies:
      react-is "^16.7.0"
  
  import-fresh@^3.1.0:
    version "3.3.0"
    resolved "https://registry.yarnpkg.com/import-fresh/-/import-fresh-3.3.0.tgz#37162c25fcb9ebaa2e6e53d5b4d88ce17d9e0c2b"
    integrity sha512-veYYhQa+D1QBKznvhUHxb8faxlrwUnxseDAbAp457E0wLNio2bOSKnjYDhMj+YiAq61xrMGhQk9iXVk5FzgQMw==
    dependencies:
      parent-module "^1.0.0"
      resolve-from "^4.0.0"
  
  invariant@^2.2.4:
    version "2.2.4"
    resolved "https://registry.yarnpkg.com/invariant/-/invariant-2.2.4.tgz#610f3c92c9359ce1db616e538008d23ff35158e6"
    integrity sha512-phJfQVBuaJM5raOpJjSfkiD6BpbCE4Ns//LaXl6wGYtUBY83nWS6Rf9tXm2e8VaK60JEjYldbPif/A2B1C2gNA==
    dependencies:
      loose-envify "^1.0.0"
  
  is-arrayish@^0.2.1:
    version "0.2.1"
    resolved "https://registry.yarnpkg.com/is-arrayish/-/is-arrayish-0.2.1.tgz#77c99840527aa8ecb1a8ba697b80645a7a926a9d"
    integrity sha1-d8mYQFJ6qOyxqLppe4BkWnqSap0=
  
  is-core-module@^2.2.0:
    version "2.3.0"
    resolved "https://registry.yarnpkg.com/is-core-module/-/is-core-module-2.3.0.tgz#d341652e3408bca69c4671b79a0954a3d349f887"
    integrity sha512-xSphU2KG9867tsYdLD4RWQ1VqdFl4HTO9Thf3I/3dLEfr0dbPTWKsuCKrgqMljg4nPE+Gq0VCnzT3gr0CyBmsw==
    dependencies:
      has "^1.0.3"
  
  isarray@0.0.1:
    version "0.0.1"
    resolved "https://registry.yarnpkg.com/isarray/-/isarray-0.0.1.tgz#8a18acfca9a8f4177e09abfc6038939b05d1eedf"
    integrity sha1-ihis/Kmo9Bd+Cav8YDiTmwXR7t8=
  
  "js-tokens@^3.0.0 || ^4.0.0", js-tokens@^4.0.0:
    version "4.0.0"
    resolved "https://registry.yarnpkg.com/js-tokens/-/js-tokens-4.0.0.tgz#19203fb59991df98e3a287050d4647cdeaf32499"
    integrity sha512-RdJUflcE3cUzKiMqQgsCu06FPu9UdIJO0beYbPhHN4k6apgJtifcoCtT9bcxOpYBtpD2kCM6Sbzg4CausW/PKQ==
  
  json-parse-even-better-errors@^2.3.0:
    version "2.3.1"
    resolved "https://registry.yarnpkg.com/json-parse-even-better-errors/-/json-parse-even-better-errors-2.3.1.tgz#7c47805a94319928e05777405dc12e1f7a4ee02d"
    integrity sha512-xyFwyhro/JEof6Ghe2iz2NcXoj2sloNsWr/XsERDK/oiPCfaNhl5ONfp+jQdAZRQQ0IJWNzH9zIZF7li91kh2w==
  
  lines-and-columns@^1.1.6:
    version "1.1.6"
    resolved "https://registry.yarnpkg.com/lines-and-columns/-/lines-and-columns-1.1.6.tgz#1c00c743b433cd0a4e80758f7b64a57440d9ff00"
    integrity sha1-HADHQ7QzzQpOgHWPe2SldEDZ/wA=
  
  lodash.mergewith@4.6.2:
    version "4.6.2"
    resolved "https://registry.yarnpkg.com/lodash.mergewith/-/lodash.mergewith-4.6.2.tgz#617121f89ac55f59047c7aec1ccd6654c6590f55"
    integrity sha512-GK3g5RPZWTRSeLSpgP8Xhra+pnjBC56q9FZYe1d5RN3TJ35dbkGy3YqBSMbyCrlbi+CM9Z3Jk5yTL7RCsqboyQ==
  
  loose-envify@^1.0.0, loose-envify@^1.2.0, loose-envify@^1.3.1, loose-envify@^1.4.0:
    version "1.4.0"
    resolved "https://registry.yarnpkg.com/loose-envify/-/loose-envify-1.4.0.tgz#71ee51fa7be4caec1a63839f7e682d8132d30caf"
    integrity sha512-lyuxPGr/Wfhrlem2CL/UcnUc1zcqKAImBDzukY7Y5F/yQiNdko6+fRLevlw1HgMySw7f611UIY408EtxRSoK3Q==
    dependencies:
      js-tokens "^3.0.0 || ^4.0.0"
  
  mini-create-react-context@^0.4.0:
    version "0.4.1"
    resolved "https://registry.yarnpkg.com/mini-create-react-context/-/mini-create-react-context-0.4.1.tgz#072171561bfdc922da08a60c2197a497cc2d1d5e"
    integrity sha512-YWCYEmd5CQeHGSAKrYvXgmzzkrvssZcuuQDDeqkT+PziKGMgE+0MCCtcKbROzocGBG1meBLl2FotlRwf4gAzbQ==
    dependencies:
      "@babel/runtime" "^7.12.1"
      tiny-warning "^1.0.3"
  
  object-assign@^4.1.1:
    version "4.1.1"
    resolved "https://registry.yarnpkg.com/object-assign/-/object-assign-4.1.1.tgz#2109adc7965887cfc05cbbd442cac8bfbb360863"
    integrity sha1-IQmtx5ZYh8/AXLvUQsrIv7s2CGM=
  
  parent-module@^1.0.0:
    version "1.0.1"
    resolved "https://registry.yarnpkg.com/parent-module/-/parent-module-1.0.1.tgz#691d2709e78c79fae3a156622452d00762caaaa2"
    integrity sha512-GQ2EWRpQV8/o+Aw8YqtfZZPfNRWZYkbidE9k5rpl/hC3vtHHBfGm2Ifi6qWV+coDGkrUKZAxE3Lot5kcsRlh+g==
    dependencies:
      callsites "^3.0.0"
  
  parse-json@^5.0.0:
    version "5.2.0"
    resolved "https://registry.yarnpkg.com/parse-json/-/parse-json-5.2.0.tgz#c76fc66dee54231c962b22bcc8a72cf2f99753cd"
    integrity sha512-ayCKvm/phCGxOkYRSCM82iDwct8/EonSEgCSxWxD7ve6jHggsFl4fZVQBPRNgQoKiuV/odhFrGzQXZwbifC8Rg==
    dependencies:
      "@babel/code-frame" "^7.0.0"
      error-ex "^1.3.1"
      json-parse-even-better-errors "^2.3.0"
      lines-and-columns "^1.1.6"
  
  path-parse@^1.0.6:
    version "1.0.6"
    resolved "https://registry.yarnpkg.com/path-parse/-/path-parse-1.0.6.tgz#d62dbb5679405d72c4737ec58600e9ddcf06d24c"
    integrity sha512-GSmOT2EbHrINBf9SR7CDELwlJ8AENk3Qn7OikK4nFYAu3Ote2+JYNVvkpAEQm3/TLNEJFD/xZJjzyxg3KBWOzw==
  
  path-to-regexp@^1.7.0:
    version "1.8.0"
    resolved "https://registry.yarnpkg.com/path-to-regexp/-/path-to-regexp-1.8.0.tgz#887b3ba9d84393e87a0a0b9f4cb756198b53548a"
    integrity sha512-n43JRhlUKUAlibEJhPeir1ncUID16QnEjNpwzNdO3Lm4ywrBpBZ5oLD0I6br9evr1Y9JTqwRtAh7JLoOzAQdVA==
    dependencies:
      isarray "0.0.1"
  
  path-type@^4.0.0:
    version "4.0.0"
    resolved "https://registry.yarnpkg.com/path-type/-/path-type-4.0.0.tgz#84ed01c0a7ba380afe09d90a8c180dcd9d03043b"
    integrity sha512-gDKb8aZMDeD/tZWs9P6+q0J9Mwkdl6xMV8TjnGP3qJVJ06bdMgkbBlLU8IdfOsIsFz2BW1rNVT3XuNEl8zPAvw==
  
  popmotion@9.3.5:
    version "9.3.5"
    resolved "https://registry.yarnpkg.com/popmotion/-/popmotion-9.3.5.tgz#e821aff3424a021b0f2c93922db31c55cfe64149"
    integrity sha512-Lr2rq8OP0j8D7CO2/6eO17ALeFCxjx1hfTGbMg+TLqFj+KZSGOoj6gRBVTzDINGqo6LQrORQSSSDaCL5OrB3bw==
    dependencies:
      framesync "5.3.0"
      hey-listen "^1.0.8"
      style-value-types "4.1.4"
      tslib "^2.1.0"
  
  prop-types@^15.6.2, prop-types@^15.7.2:
    version "15.7.2"
    resolved "https://registry.yarnpkg.com/prop-types/-/prop-types-15.7.2.tgz#52c41e75b8c87e72b9d9360e0206b99dcbffa6c5"
    integrity sha512-8QQikdH7//R2vurIJSutZ1smHYTcLpRWEOlHnzcWHmBYrOGUysKwSsrC89BCiFj3CbrfJ/nXFdJepOVrY1GCHQ==
    dependencies:
      loose-envify "^1.4.0"
      object-assign "^4.1.1"
      react-is "^16.8.1"
  
  react-clientside-effect@^1.2.2:
    version "1.2.5"
    resolved "https://registry.yarnpkg.com/react-clientside-effect/-/react-clientside-effect-1.2.5.tgz#e2c4dc3c9ee109f642fac4f5b6e9bf5bcd2219a3"
    integrity sha512-2bL8qFW1TGBHozGGbVeyvnggRpMjibeZM2536AKNENLECutp2yfs44IL8Hmpn8qjFQ2K7A9PnYf3vc7aQq/cPA==
    dependencies:
      "@babel/runtime" "^7.12.13"
  
  react-fast-compare@3.2.0, react-fast-compare@^3.1.1:
    version "3.2.0"
    resolved "https://registry.yarnpkg.com/react-fast-compare/-/react-fast-compare-3.2.0.tgz#641a9da81b6a6320f270e89724fb45a0b39e43bb"
    integrity sha512-rtGImPZ0YyLrscKI9xTpV8psd6I8VAtjKCzQDlzyDvqJA8XOW78TXYQwNRNd8g8JZnDu8q9Fu/1v4HPAVwVdHA==
  
  react-focus-lock@2.5.0:
    version "2.5.0"
    resolved "https://registry.yarnpkg.com/react-focus-lock/-/react-focus-lock-2.5.0.tgz#12e3a3940e897c26e2c2a0408cd25ea3c99b3709"
    integrity sha512-XLxj6uTXgz0US8TmqNU2jMfnXwZG0mH2r/afQqvPEaX6nyEll5LHVcEXk2XDUQ34RVeLPkO/xK5x6c/qiuSq/A==
    dependencies:
      "@babel/runtime" "^7.0.0"
      focus-lock "^0.8.1"
      prop-types "^15.6.2"
      react-clientside-effect "^1.2.2"
      use-callback-ref "^1.2.1"
      use-sidecar "^1.0.1"
  
  react-helmet@^6.1.0:
    version "6.1.0"
    resolved "https://registry.yarnpkg.com/react-helmet/-/react-helmet-6.1.0.tgz#a750d5165cb13cf213e44747502652e794468726"
    integrity sha512-4uMzEY9nlDlgxr61NL3XbKRy1hEkXmKNXhjbAIOVw5vcFrsdYbH2FEwcNyWvWinl103nXgzYNlns9ca+8kFiWw==
    dependencies:
      object-assign "^4.1.1"
      prop-types "^15.7.2"
      react-fast-compare "^3.1.1"
      react-side-effect "^2.1.0"
  
  react-is@^16.6.0, react-is@^16.7.0, react-is@^16.8.1:
    version "16.13.1"
    resolved "https://registry.yarnpkg.com/react-is/-/react-is-16.13.1.tgz#789729a4dc36de2999dc156dd6c1d9c18cea56a4"
    integrity sha512-24e6ynE2H+OKt4kqsOvNd8kBpV65zoxbA4BVsEOB3ARVWQki/DHzaUoC5KuON/BiccDaCCTZBuOcfZs70kR8bQ==
  
  react-remove-scroll-bar@^2.1.0:
    version "2.2.0"
    resolved "https://registry.yarnpkg.com/react-remove-scroll-bar/-/react-remove-scroll-bar-2.2.0.tgz#d4d545a7df024f75d67e151499a6ab5ac97c8cdd"
    integrity sha512-UU9ZBP1wdMR8qoUs7owiVcpaPwsQxUDC2lypP6mmixaGlARZa7ZIBx1jcuObLdhMOvCsnZcvetOho0wzPa9PYg==
    dependencies:
      react-style-singleton "^2.1.0"
      tslib "^1.0.0"
  
  react-remove-scroll@2.4.1:
    version "2.4.1"
    resolved "https://registry.yarnpkg.com/react-remove-scroll/-/react-remove-scroll-2.4.1.tgz#e0af6126621083a5064591d367291a81b2d107f5"
    integrity sha512-K7XZySEzOHMTq7dDwcHsZA6Y7/1uX5RsWhRXVYv8rdh+y9Qz2nMwl9RX/Mwnj/j7JstCGmxyfyC0zbVGXYh3mA==
    dependencies:
      react-remove-scroll-bar "^2.1.0"
      react-style-singleton "^2.1.0"
      tslib "^1.0.0"
      use-callback-ref "^1.2.3"
      use-sidecar "^1.0.1"
  
  react-router-dom@^5.2.0:
    version "5.2.0"
    resolved "https://registry.yarnpkg.com/react-router-dom/-/react-router-dom-5.2.0.tgz#9e65a4d0c45e13289e66c7b17c7e175d0ea15662"
    integrity sha512-gxAmfylo2QUjcwxI63RhQ5G85Qqt4voZpUXSEqCwykV0baaOTQDR1f0PmY8AELqIyVc0NEZUj0Gov5lNGcXgsA==
    dependencies:
      "@babel/runtime" "^7.1.2"
      history "^4.9.0"
      loose-envify "^1.3.1"
      prop-types "^15.6.2"
      react-router "5.2.0"
      tiny-invariant "^1.0.2"
      tiny-warning "^1.0.0"
  
  react-router@5.2.0:
    version "5.2.0"
    resolved "https://registry.yarnpkg.com/react-router/-/react-router-5.2.0.tgz#424e75641ca8747fbf76e5ecca69781aa37ea293"
    integrity sha512-smz1DUuFHRKdcJC0jobGo8cVbhO3x50tCL4icacOlcwDOEQPq4TMqwx3sY1TP+DvtTgz4nm3thuo7A+BK2U0Dw==
    dependencies:
      "@babel/runtime" "^7.1.2"
      history "^4.9.0"
      hoist-non-react-statics "^3.1.0"
      loose-envify "^1.3.1"
      mini-create-react-context "^0.4.0"
      path-to-regexp "^1.7.0"
      prop-types "^15.6.2"
      react-is "^16.6.0"
      tiny-invariant "^1.0.2"
      tiny-warning "^1.0.0"
  
  react-side-effect@^2.1.0:
    version "2.1.1"
    resolved "https://registry.yarnpkg.com/react-side-effect/-/react-side-effect-2.1.1.tgz#66c5701c3e7560ab4822a4ee2742dee215d72eb3"
    integrity sha512-2FoTQzRNTncBVtnzxFOk2mCpcfxQpenBMbk5kSVBg5UcPqV9fRbgY2zhb7GTWWOlpFmAxhClBDlIq8Rsubz1yQ==
  
  react-style-singleton@^2.1.0:
    version "2.1.1"
    resolved "https://registry.yarnpkg.com/react-style-singleton/-/react-style-singleton-2.1.1.tgz#ce7f90b67618be2b6b94902a30aaea152ce52e66"
    integrity sha512-jNRp07Jza6CBqdRKNgGhT3u9umWvils1xsuMOjZlghBDH2MU0PL2WZor4PGYjXpnRCa9DQSlHMs/xnABWOwYbA==
    dependencies:
      get-nonce "^1.0.0"
      invariant "^2.2.4"
      tslib "^1.0.0"
  
  regenerator-runtime@^0.13.4:
    version "0.13.7"
    resolved "https://registry.yarnpkg.com/regenerator-runtime/-/regenerator-runtime-0.13.7.tgz#cac2dacc8a1ea675feaabaeb8ae833898ae46f55"
    integrity sha512-a54FxoJDIr27pgf7IgeQGxmqUNYrcV338lf/6gH456HZ/PhX+5BcwHXG9ajESmwe6WRO0tAzRUrRmNONWgkrew==
  
  resolve-from@^4.0.0:
    version "4.0.0"
    resolved "https://registry.yarnpkg.com/resolve-from/-/resolve-from-4.0.0.tgz#4abcd852ad32dd7baabfe9b40e00a36db5f392e6"
    integrity sha512-pb/MYmXstAkysRFx8piNI1tGFNQIFA3vkE3Gq4EuA1dF6gHp/+vgZqsCGJapvy8N3Q+4o7FwvquPJcnZ7RYy4g==
  
  resolve-pathname@^3.0.0:
    version "3.0.0"
    resolved "https://registry.yarnpkg.com/resolve-pathname/-/resolve-pathname-3.0.0.tgz#99d02224d3cf263689becbb393bc560313025dcd"
    integrity sha512-C7rARubxI8bXFNB/hqcp/4iUeIXJhJZvFPFPiSPRnhU5UPxzMFIl+2E6yY6c4k9giDJAhtV+enfA+G89N6Csng==
  
  resolve@^1.12.0:
    version "1.20.0"
    resolved "https://registry.yarnpkg.com/resolve/-/resolve-1.20.0.tgz#629a013fb3f70755d6f0b7935cc1c2c5378b1975"
    integrity sha512-wENBPt4ySzg4ybFQW2TT1zMQucPK95HSh/nq2CFTZVOGut2+pQvSsgtda4d26YrYcr067wjbmzOG8byDPBX63A==
    dependencies:
      is-core-module "^2.2.0"
      path-parse "^1.0.6"
  
  safe-buffer@~5.1.1:
    version "5.1.2"
    resolved "https://registry.yarnpkg.com/safe-buffer/-/safe-buffer-5.1.2.tgz#991ec69d296e0313747d59bdfd2b745c35f8828d"
    integrity sha512-Gd2UZBJDkXlY7GbJxfsE8/nvKkUEU1G38c1siN6QP6a9PT9MmHB8GnpscSmMJSoF8LOIrt8ud/wPtojys4G6+g==
  
  source-map@^0.5.7:
    version "0.5.7"
    resolved "https://registry.yarnpkg.com/source-map/-/source-map-0.5.7.tgz#8a039d2d1021d22d1ea14c80d8ea468ba2ef3fcc"
    integrity sha1-igOdLRAh0i0eoUyA2OpGi6LvP8w=
  
  style-value-types@4.1.4:
    version "4.1.4"
    resolved "https://registry.yarnpkg.com/style-value-types/-/style-value-types-4.1.4.tgz#80f37cb4fb024d6394087403dfb275e8bb627e75"
    integrity sha512-LCJL6tB+vPSUoxgUBt9juXIlNJHtBMy8jkXzUJSBzeHWdBu6lhzHqCvLVkXFGsFIlNa2ln1sQHya/gzaFmB2Lg==
    dependencies:
      hey-listen "^1.0.8"
      tslib "^2.1.0"
  
  stylis@^4.0.3:
    version "4.0.10"
    resolved "https://registry.yarnpkg.com/stylis/-/stylis-4.0.10.tgz#446512d1097197ab3f02fb3c258358c3f7a14240"
    integrity sha512-m3k+dk7QeJw660eIKRRn3xPF6uuvHs/FFzjX3HQ5ove0qYsiygoAhwn5a3IYKaZPo5LrYD0rfVmtv1gNY1uYwg==
  
  supports-color@^5.3.0:
    version "5.5.0"
    resolved "https://registry.yarnpkg.com/supports-color/-/supports-color-5.5.0.tgz#e2e69a44ac8772f78a1ec0b35b689df6530efc8f"
    integrity sha512-QjVjwdXIt408MIiAqCX4oUKsgU2EqAGzs2Ppkm4aQYbjm+ZEWEcW4SfFNTr4uMNZma0ey4f5lgLrkB0aX0QMow==
    dependencies:
      has-flag "^3.0.0"
  
  tiny-invariant@^1.0.2, tiny-invariant@^1.0.6:
    version "1.1.0"
    resolved "https://registry.yarnpkg.com/tiny-invariant/-/tiny-invariant-1.1.0.tgz#634c5f8efdc27714b7f386c35e6760991d230875"
    integrity sha512-ytxQvrb1cPc9WBEI/HSeYYoGD0kWnGEOR8RY6KomWLBVhqz0RgTwVO9dLrGz7dC+nN9llyI7OKAgRq8Vq4ZBSw==
  
  tiny-warning@^1.0.0, tiny-warning@^1.0.3:
    version "1.0.3"
    resolved "https://registry.yarnpkg.com/tiny-warning/-/tiny-warning-1.0.3.tgz#94a30db453df4c643d0fd566060d60a875d84754"
    integrity sha512-lBN9zLN/oAf68o3zNXYrdCt1kP8WsiGW8Oo2ka41b2IM5JL/S1CTyX1rW0mb/zSuJun0ZUrDxx4sqvYS2FWzPA==
  
  tinycolor2@1.4.2:
    version "1.4.2"
    resolved "https://registry.yarnpkg.com/tinycolor2/-/tinycolor2-1.4.2.tgz#3f6a4d1071ad07676d7fa472e1fac40a719d8803"
    integrity sha512-vJhccZPs965sV/L2sU4oRQVAos0pQXwsvTLkWYdqJ+a8Q5kPFzJTuOFwy7UniPli44NKQGAglksjvOcpo95aZA==
  
  to-fast-properties@^2.0.0:
    version "2.0.0"
    resolved "https://registry.yarnpkg.com/to-fast-properties/-/to-fast-properties-2.0.0.tgz#dc5e698cbd079265bc73e0377681a4e4e83f616e"
    integrity sha1-3F5pjL0HkmW8c+A3doGk5Og/YW4=
  
  toggle-selection@^1.0.6:
    version "1.0.6"
    resolved "https://registry.yarnpkg.com/toggle-selection/-/toggle-selection-1.0.6.tgz#6e45b1263f2017fa0acc7d89d78b15b8bf77da32"
    integrity sha1-bkWxJj8gF/oKzH2J14sVuL932jI=
  
  tslib@^1.0.0, tslib@^1.9.3:
    version "1.14.1"
    resolved "https://registry.yarnpkg.com/tslib/-/tslib-1.14.1.tgz#cf2d38bdc34a134bcaf1091c41f6619e2f672d00"
    integrity sha512-Xni35NKzjgMrwevysHTCArtLDpPvye8zV/0E4EyYn43P7/7qvQwPh9BGkHewbMulVntbigmcT7rdX3BNo9wRJg==
  
  tslib@^2.1.0:
    version "2.2.0"
    resolved "https://registry.yarnpkg.com/tslib/-/tslib-2.2.0.tgz#fb2c475977e35e241311ede2693cee1ec6698f5c"
    integrity sha512-gS9GVHRU+RGn5KQM2rllAlR3dU6m7AcpJKdtH8gFvQiC4Otgk98XnmMU+nZenHt/+VhnBPWwgrJsyrdcw6i23w==
  
  use-callback-ref@^1.2.1, use-callback-ref@^1.2.3:
    version "1.2.5"
    resolved "https://registry.yarnpkg.com/use-callback-ref/-/use-callback-ref-1.2.5.tgz#6115ed242cfbaed5915499c0a9842ca2912f38a5"
    integrity sha512-gN3vgMISAgacF7sqsLPByqoePooY3n2emTH59Ur5d/M8eg4WTWu1xp8i8DHjohftIyEx0S08RiYxbffr4j8Peg==
  
  use-sidecar@^1.0.1:
    version "1.0.5"
    resolved "https://registry.yarnpkg.com/use-sidecar/-/use-sidecar-1.0.5.tgz#ffff2a17c1df42e348624b699ba6e5c220527f2b"
    integrity sha512-k9jnrjYNwN6xYLj1iaGhonDghfvmeTmYjAiGvOr7clwKfPjMXJf4/HOr7oT5tJwYafgp2tG2l3eZEOfoELiMcA==
    dependencies:
      detect-node-es "^1.1.0"
      tslib "^1.9.3"
  
  value-equal@^1.0.1:
    version "1.0.1"
    resolved "https://registry.yarnpkg.com/value-equal/-/value-equal-1.0.1.tgz#1e0b794c734c5c0cade179c437d356d931a34d6c"
    integrity sha512-NOJ6JZCAWr0zlxZt+xqCHNTEKOsrks2HQd4MqhP1qy4z1SkbEP467eNx6TgDKXMvUOb+OENfJCZwM+16n7fRfw==
  
  warning@^4.0.3:
    version "4.0.3"
    resolved "https://registry.yarnpkg.com/warning/-/warning-4.0.3.tgz#16e9e077eb8a86d6af7d64aa1e05fd85b4678ca3"
    integrity sha512-rpJyN222KWIvHJ/F53XSZv0Zl/accqHR8et1kpaMTD/fLCRxtV8iX8czMzY7sVZupTI3zcUTg8eycS2kNF9l6w==
    dependencies:
      loose-envify "^1.0.0"
  
  yaml@^1.7.2:
    version "1.10.2"
    resolved "https://registry.yarnpkg.com/yaml/-/yaml-1.10.2.tgz#2301c5ffbf12b467de8da2333a459e29e7920e4b"
    integrity sha512-r3vXyErRCYJ7wg28yvBY5VSoAF8ZvlcW9/BwUzEtUsjvX/DKs24dIkuwjtuprwJJHsbyUbLApepYTR1BN4uHrg==
